<?xml version="1.0" encoding="UTF-8"?>
<!-- Generated by org.testng.reporters.JUnitReportReporter -->
<testsuite hostname="Fundas-MacBook-Pro.local" failures="0" tests="3" name="class1.TitleLogoAndLoginVaidation" time="46.864" errors="0" timestamp="2020-05-20T00:01:01 EDT" skipped="0">
  <testcase classname="class1.TitleLogoAndLoginVaidation" name="logoValidation" time="6.467"/>
  <system-out/>
  <testcase classname="class1.TitleLogoAndLoginVaidation" name="titleValidation" time="16.658"/>
  <system-out/>
  <testcase classname="class1.TitleLogoAndLoginVaidation" name="LoginValidation" time="23.739"/>
  <system-out/>
</testsuite> <!-- class1.TitleLogoAndLoginVaidation -->
