<?xml version="1.0" encoding="UTF-8"?>
<!-- Generated by org.testng.reporters.JUnitReportReporter -->
<testsuite hostname="Fundas-MacBook-Pro.local" failures="0" tests="1" name="class2.AssertionDemo" time="8.955" errors="0" timestamp="2020-05-20T21:12:16 EDT" skipped="0">
  <testcase classname="class2.AssertionDemo" name="titleValidation" time="8.955"/>
  <system-out/>
</testsuite> <!-- class2.AssertionDemo -->
