<?xml version="1.0" encoding="UTF-8"?>
<!-- Generated by org.testng.reporters.JUnitReportReporter -->
<testsuite hostname="Fundas-MacBook-Pro.local" failures="0" tests="3" name="class1.DifferentAnnotations" time="0.011" errors="0" timestamp="2020-05-19T20:59:37 EDT" skipped="0">
  <testcase classname="class1.DifferentAnnotations" name="test3" time="0.002"/>
  <system-out/>
  <testcase classname="class1.DifferentAnnotations" name="test1" time="0.007"/>
  <system-out/>
  <testcase classname="class1.DifferentAnnotations" name="test2" time="0.002"/>
  <system-out/>
</testsuite> <!-- class1.DifferentAnnotations -->
