<?xml version="1.0" encoding="UTF-8"?>
<!-- Generated by org.testng.reporters.JUnitReportReporter -->
<testsuite hostname="Fundas-MacBook-Pro.local" failures="0" tests="2" name="class1.TaskTwo" time="0.018" errors="0" timestamp="2020-05-19T20:08:53 EDT" skipped="0">
  <testcase classname="class1.TaskTwo" name="test2" time="0.005"/>
  <system-out/>
  <testcase classname="class1.TaskTwo" name="test1" time="0.013"/>
  <system-out/>
</testsuite> <!-- class1.TaskTwo -->
