<?xml version="1.0" encoding="UTF-8"?>
<!-- Generated by org.testng.reporters.JUnitReportReporter -->
<testsuite hostname="Fundas-MacBook-Pro.local" failures="0" tests="2" name="class1.HW1" time="20.689" errors="0" timestamp="2020-05-20T17:57:45 EDT" skipped="0">
  <testcase classname="class1.HW1" name="welcomeAdminDisplay" time="13.064"/>
  <system-out/>
  <testcase classname="class1.HW1" name="login2" time="7.625"/>
  <system-out/>
</testsuite> <!-- class1.HW1 -->
