<?xml version="1.0" encoding="UTF-8"?>
<!-- Generated by org.testng.reporters.JUnitReportReporter -->
<testsuite hostname="Fundas-MacBook-Pro.local" failures="0" tests="3" name="class1.TestNgDemo" time="0.025" errors="0" timestamp="2020-05-19T19:33:39 EDT" skipped="0">
  <testcase classname="class1.TestNgDemo" name="TestOne" time="0.019"/>
  <system-out/>
  <testcase classname="class1.TestNgDemo" name="TestTwo" time="0.003"/>
  <system-out/>
  <testcase classname="class1.TestNgDemo" name="TestThree" time="0.003"/>
  <system-out/>
</testsuite> <!-- class1.TestNgDemo -->
